<?xml version="1.0" encoding="UTF-8"?>
<!-- Generated by org.testng.reporters.JUnitReportReporter -->
<testsuite skipped="0" hostname="DT-TECH-2D80" name="testCases.UrlVerification" tests="1" failures="0" timestamp="03 Apr 2018 10:01:09 GMT" time="10.368" errors="0">
  <testcase name="loginTest" time="10.368" classname="testCases.UrlVerification"/>
</testsuite> <!-- testCases.UrlVerification -->
