<?xml version="1.0" encoding="UTF-8"?>
<!-- Generated by org.testng.reporters.JUnitReportReporter -->
<testsuite skipped="0" hostname="DT-TECH-2D80" name="testCases.LoginVerification" tests="2" failures="0" timestamp="03 Apr 2018 10:01:09 GMT" time="36.978" errors="0">
  <testcase name="loginTest" time="18.710" classname="testCases.LoginVerification"/>
  <testcase name="loginTest" time="18.268" classname="testCases.LoginVerification"/>
</testsuite> <!-- testCases.LoginVerification -->
